[2025-08-28 00:26:16.536 +00:00 [WRN] Microsoft.AspNetCore.Server.Kestrel: As of ""2025-08-28T00:26:08.7090634+00:00"", the heartbeat has been running for ""00:00:01.1386394"" which is longer than ""00:00:01"". This could be caused by thread pool starvation.
[2025-08-28 07:40:17.122 +00:00 [INF] : Starting Portal API
[2025-08-28 07:40:17.491 +00:00 [WRN] Microsoft.AspNetCore.DataProtection.Repositories.FileSystemXmlRepository: Storing keys in a directory '/home/appuser/.aspnet/DataProtection-Keys' that may not be persisted outside of the container. Protected data will be unavailable when container is destroyed. For more information go to https://aka.ms/aspnet/dataprotectionwarning
[2025-08-28 07:40:17.506 +00:00 [INF] Microsoft.AspNetCore.DataProtection.KeyManagement.XmlKeyManager: User profile is available. Using '/home/appuser/.aspnet/DataProtection-Keys' as key repository; keys will not be encrypted at rest.
[2025-08-28 07:40:17.629 +00:00 [WRN] Microsoft.AspNetCore.Hosting.Diagnostics: Overriding HTTP_PORTS '8080' and HTTPS_PORTS ''. Binding to values defined by URLS instead 'http://+:8080'.
[2025-08-28 07:40:17.845 +00:00 [INF] Microsoft.Hosting.Lifetime: Now listening on: http://[::]:8080
[2025-08-28 07:40:17.851 +00:00 [INF] Microsoft.Hosting.Lifetime: Application started. Press Ctrl+C to shut down.
[2025-08-28 07:40:17.852 +00:00 [INF] Microsoft.Hosting.Lifetime: Hosting environment: Production
[2025-08-28 07:40:17.861 +00:00 [INF] Microsoft.Hosting.Lifetime: Content root path: /app
[2025-08-28 11:44:28.930 +00:00 [INF] Microsoft.Hosting.Lifetime: Application is shutting down...
[2025-08-28 11:44:39.116 +00:00 [INF] : Starting Portal API
[2025-08-28 11:44:39.504 +00:00 [WRN] Microsoft.AspNetCore.DataProtection.Repositories.FileSystemXmlRepository: Storing keys in a directory '/home/appuser/.aspnet/DataProtection-Keys' that may not be persisted outside of the container. Protected data will be unavailable when container is destroyed. For more information go to https://aka.ms/aspnet/dataprotectionwarning
[2025-08-28 11:44:39.512 +00:00 [INF] Microsoft.AspNetCore.DataProtection.KeyManagement.XmlKeyManager: User profile is available. Using '/home/appuser/.aspnet/DataProtection-Keys' as key repository; keys will not be encrypted at rest.
[2025-08-28 11:44:39.734 +00:00 [WRN] Microsoft.AspNetCore.Hosting.Diagnostics: Overriding HTTP_PORTS '8080' and HTTPS_PORTS ''. Binding to values defined by URLS instead 'http://+:8080'.
[2025-08-28 11:44:39.879 +00:00 [INF] Microsoft.Hosting.Lifetime: Now listening on: http://[::]:8080
[2025-08-28 11:44:39.882 +00:00 [INF] Microsoft.Hosting.Lifetime: Application started. Press Ctrl+C to shut down.
[2025-08-28 11:44:39.892 +00:00 [INF] Microsoft.Hosting.Lifetime: Hosting environment: Production
[2025-08-28 11:44:39.893 +00:00 [INF] Microsoft.Hosting.Lifetime: Content root path: /app
[2025-08-28 11:44:45.898 +00:00 [INF] Microsoft.AspNetCore.Hosting.Diagnostics: Request starting HTTP/1.0 POST http://localhost/api/auth/login - application/json 47
[2025-08-28 11:44:45.988 +00:00 [WRN] Microsoft.AspNetCore.HttpsPolicy.HttpsRedirectionMiddleware: Failed to determine the https port for redirect.
[2025-08-28 11:44:46.002 +00:00 [INF] Microsoft.AspNetCore.Cors.Infrastructure.CorsService: CORS policy execution successful.
[2025-08-28 11:44:46.103 +00:00 [INF] Microsoft.AspNetCore.Routing.EndpointMiddleware: Executing endpoint 'RdpRelay.Portal.Api.Controllers.AuthController.Login (RdpRelay.Portal.Api)'
[2025-08-28 11:44:46.179 +00:00 [INF] Microsoft.AspNetCore.Mvc.Infrastructure.ControllerActionInvoker: Route matched with {action = "Login", controller = "Auth"}. Executing controller action with signature System.Threading.Tasks.Task`1[Microsoft.AspNetCore.Mvc.ActionResult`1[RdpRelay.Portal.Api.Models.LoginResponse]] Login(RdpRelay.Portal.Api.Models.LoginRequest) on controller RdpRelay.Portal.Api.Controllers.AuthController (RdpRelay.Portal.Api).
[2025-08-28 11:44:47.072 +00:00 [INF] RdpRelay.Portal.Api.Services.UserService: User test@test.com authenticated successfully
[2025-08-28 11:44:47.327 +00:00 [INF] RdpRelay.Portal.Api.Controllers.AuthController: User 68ae16a34a4bd0ff3c89b03d logged in successfully
[2025-08-28 11:44:47.342 +00:00 [INF] Microsoft.AspNetCore.Mvc.Infrastructure.ObjectResultExecutor: Executing OkObjectResult, writing value of type 'RdpRelay.Portal.Api.Models.LoginResponse'.
[2025-08-28 11:44:47.404 +00:00 [INF] Microsoft.AspNetCore.Mvc.Infrastructure.ControllerActionInvoker: Executed action RdpRelay.Portal.Api.Controllers.AuthController.Login (RdpRelay.Portal.Api) in 1217.6108ms
[2025-08-28 11:44:47.451 +00:00 [INF] Microsoft.AspNetCore.Routing.EndpointMiddleware: Executed endpoint 'RdpRelay.Portal.Api.Controllers.AuthController.Login (RdpRelay.Portal.Api)'
[2025-08-28 11:44:47.529 +00:00 [INF] Microsoft.AspNetCore.Hosting.Diagnostics: Request finished HTTP/1.0 POST http://localhost/api/auth/login - 200 null application/json; charset=utf-8 1641.2345ms
[2025-08-28 11:44:47.663 +00:00 [INF] Microsoft.AspNetCore.Hosting.Diagnostics: Request starting HTTP/1.0 GET http://localhost/api/tenants/68ae09d3096d59594289b03d/users?skip=0&limit=10 - null null
[2025-08-28 11:44:47.663 +00:00 [INF] Microsoft.AspNetCore.Hosting.Diagnostics: Request starting HTTP/1.0 GET http://localhost/api/tenants/68ae09d3096d59594289b03d/agents?skip=0&limit=10 - null null
[2025-08-28 11:44:47.663 +00:00 [INF] Microsoft.AspNetCore.Hosting.Diagnostics: Request starting HTTP/1.0 GET http://localhost/api/tenants/68ae09d3096d59594289b03d/sessions?skip=0&limit=10 - null null
[2025-08-28 11:44:47.826 +00:00 [INF] Microsoft.AspNetCore.Routing.EndpointMiddleware: Executing endpoint 'RdpRelay.Portal.Api.Controllers.AgentsController.GetAgents (RdpRelay.Portal.Api)'
[2025-08-28 11:44:47.828 +00:00 [INF] Microsoft.AspNetCore.Routing.EndpointMiddleware: Executing endpoint 'RdpRelay.Portal.Api.Controllers.UsersController.GetUsers (RdpRelay.Portal.Api)'
[2025-08-28 11:44:47.828 +00:00 [INF] Microsoft.AspNetCore.Routing.EndpointMiddleware: Executing endpoint 'RdpRelay.Portal.Api.Controllers.SessionsController.GetSessions (RdpRelay.Portal.Api)'
[2025-08-28 11:44:47.853 +00:00 [INF] Microsoft.AspNetCore.Mvc.Infrastructure.ControllerActionInvoker: Route matched with {action = "GetSessions", controller = "Sessions"}. Executing controller action with signature System.Threading.Tasks.Task`1[Microsoft.AspNetCore.Mvc.ActionResult`1[RdpRelay.Portal.Api.Models.PagedResponse`1[RdpRelay.Portal.Api.Models.Session]]] GetSessions(System.String, System.String, System.String, System.Nullable`1[RdpRelay.Portal.Api.Models.SessionStatus], System.Nullable`1[System.DateTime], System.Nullable`1[System.DateTime], Int32, Int32) on controller RdpRelay.Portal.Api.Controllers.SessionsController (RdpRelay.Portal.Api).
[2025-08-28 11:44:47.853 +00:00 [INF] Microsoft.AspNetCore.Mvc.Infrastructure.ControllerActionInvoker: Route matched with {action = "GetUsers", controller = "Users"}. Executing controller action with signature System.Threading.Tasks.Task`1[Microsoft.AspNetCore.Mvc.ActionResult`1[RdpRelay.Portal.Api.Models.PagedResponse`1[RdpRelay.Portal.Api.Models.User]]] GetUsers(System.String, System.String, System.Nullable`1[RdpRelay.Portal.Api.Models.UserRole], System.Nullable`1[System.Boolean], Int32, Int32) on controller RdpRelay.Portal.Api.Controllers.UsersController (RdpRelay.Portal.Api).
[2025-08-28 11:44:47.855 +00:00 [INF] Microsoft.AspNetCore.Mvc.Infrastructure.ControllerActionInvoker: Route matched with {action = "GetAgents", controller = "Agents"}. Executing controller action with signature System.Threading.Tasks.Task`1[Microsoft.AspNetCore.Mvc.ActionResult`1[RdpRelay.Portal.Api.Models.PagedResponse`1[RdpRelay.Portal.Api.Models.Agent]]] GetAgents(System.String, System.String, System.Nullable`1[RdpRelay.Portal.Api.Models.AgentStatus], System.String, Int32, Int32) on controller RdpRelay.Portal.Api.Controllers.AgentsController (RdpRelay.Portal.Api).
[2025-08-28 11:44:48.012 +00:00 [INF] Microsoft.AspNetCore.Mvc.Infrastructure.ObjectResultExecutor: Executing OkObjectResult, writing value of type 'RdpRelay.Portal.Api.Models.PagedResponse`1[[RdpRelay.Portal.Api.Models.User, RdpRelay.Portal.Api, Version=1.0.0.0, Culture=neutral, PublicKeyToken=null]]'.
[2025-08-28 11:44:48.015 +00:00 [INF] Microsoft.AspNetCore.Mvc.Infrastructure.ObjectResultExecutor: Executing OkObjectResult, writing value of type 'RdpRelay.Portal.Api.Models.PagedResponse`1[[RdpRelay.Portal.Api.Models.Session, RdpRelay.Portal.Api, Version=1.0.0.0, Culture=neutral, PublicKeyToken=null]]'.
[2025-08-28 11:44:48.038 +00:00 [INF] Microsoft.AspNetCore.Mvc.Infrastructure.ObjectResultExecutor: Executing OkObjectResult, writing value of type 'RdpRelay.Portal.Api.Models.PagedResponse`1[[RdpRelay.Portal.Api.Models.Agent, RdpRelay.Portal.Api, Version=1.0.0.0, Culture=neutral, PublicKeyToken=null]]'.
[2025-08-28 11:44:48.060 +00:00 [INF] Microsoft.AspNetCore.Mvc.Infrastructure.ControllerActionInvoker: Executed action RdpRelay.Portal.Api.Controllers.SessionsController.GetSessions (RdpRelay.Portal.Api) in 205.9512ms
[2025-08-28 11:44:48.060 +00:00 [INF] Microsoft.AspNetCore.Routing.EndpointMiddleware: Executed endpoint 'RdpRelay.Portal.Api.Controllers.SessionsController.GetSessions (RdpRelay.Portal.Api)'
[2025-08-28 11:44:48.061 +00:00 [INF] Microsoft.AspNetCore.Hosting.Diagnostics: Request finished HTTP/1.0 GET http://localhost/api/tenants/68ae09d3096d59594289b03d/sessions?skip=0&limit=10 - 200 null application/json; charset=utf-8 399.7828ms
[2025-08-28 11:44:48.077 +00:00 [INF] Microsoft.AspNetCore.Mvc.Infrastructure.ControllerActionInvoker: Executed action RdpRelay.Portal.Api.Controllers.UsersController.GetUsers (RdpRelay.Portal.Api) in 222.4173ms
[2025-08-28 11:44:48.080 +00:00 [INF] Microsoft.AspNetCore.Routing.EndpointMiddleware: Executed endpoint 'RdpRelay.Portal.Api.Controllers.UsersController.GetUsers (RdpRelay.Portal.Api)'
[2025-08-28 11:44:48.082 +00:00 [INF] Microsoft.AspNetCore.Hosting.Diagnostics: Request finished HTTP/1.0 GET http://localhost/api/tenants/68ae09d3096d59594289b03d/users?skip=0&limit=10 - 200 null application/json; charset=utf-8 419.7322ms
[2025-08-28 11:44:48.098 +00:00 [INF] Microsoft.AspNetCore.Mvc.Infrastructure.ControllerActionInvoker: Executed action RdpRelay.Portal.Api.Controllers.AgentsController.GetAgents (RdpRelay.Portal.Api) in 242.6299ms
[2025-08-28 11:44:48.100 +00:00 [INF] Microsoft.AspNetCore.Routing.EndpointMiddleware: Executed endpoint 'RdpRelay.Portal.Api.Controllers.AgentsController.GetAgents (RdpRelay.Portal.Api)'
[2025-08-28 11:44:48.101 +00:00 [INF] Microsoft.AspNetCore.Hosting.Diagnostics: Request finished HTTP/1.0 GET http://localhost/api/tenants/68ae09d3096d59594289b03d/agents?skip=0&limit=10 - 200 null application/json; charset=utf-8 439.255ms
[2025-08-28 11:45:17.782 +00:00 [INF] Microsoft.AspNetCore.Hosting.Diagnostics: Request starting HTTP/1.0 POST http://localhost/api/auth/login - application/json 47
[2025-08-28 11:45:17.786 +00:00 [INF] Microsoft.AspNetCore.Routing.EndpointMiddleware: Executing endpoint 'RdpRelay.Portal.Api.Controllers.AuthController.Login (RdpRelay.Portal.Api)'
[2025-08-28 11:45:17.787 +00:00 [INF] Microsoft.AspNetCore.Mvc.Infrastructure.ControllerActionInvoker: Route matched with {action = "Login", controller = "Auth"}. Executing controller action with signature System.Threading.Tasks.Task`1[Microsoft.AspNetCore.Mvc.ActionResult`1[RdpRelay.Portal.Api.Models.LoginResponse]] Login(RdpRelay.Portal.Api.Models.LoginRequest) on controller RdpRelay.Portal.Api.Controllers.AuthController (RdpRelay.Portal.Api).
[2025-08-28 11:45:18.039 +00:00 [INF] RdpRelay.Portal.Api.Services.UserService: User test@test.com authenticated successfully
[2025-08-28 11:45:18.043 +00:00 [INF] RdpRelay.Portal.Api.Controllers.AuthController: User 68ae16a34a4bd0ff3c89b03d logged in successfully
[2025-08-28 11:45:18.044 +00:00 [INF] Microsoft.AspNetCore.Mvc.Infrastructure.ObjectResultExecutor: Executing OkObjectResult, writing value of type 'RdpRelay.Portal.Api.Models.LoginResponse'.
[2025-08-28 11:45:18.045 +00:00 [INF] Microsoft.AspNetCore.Mvc.Infrastructure.ControllerActionInvoker: Executed action RdpRelay.Portal.Api.Controllers.AuthController.Login (RdpRelay.Portal.Api) in 257.7628ms
[2025-08-28 11:45:18.046 +00:00 [INF] Microsoft.AspNetCore.Routing.EndpointMiddleware: Executed endpoint 'RdpRelay.Portal.Api.Controllers.AuthController.Login (RdpRelay.Portal.Api)'
[2025-08-28 11:45:18.046 +00:00 [INF] Microsoft.AspNetCore.Hosting.Diagnostics: Request finished HTTP/1.0 POST http://localhost/api/auth/login - 200 null application/json; charset=utf-8 264.4476ms
[2025-08-28 11:49:07.679 +00:00 [INF] Microsoft.AspNetCore.Hosting.Diagnostics: Request starting HTTP/1.0 OPTIONS http://localhost/api/auth/login - null 0
[2025-08-28 11:49:07.692 +00:00 [INF] Microsoft.AspNetCore.Cors.Infrastructure.CorsService: CORS policy execution successful.
[2025-08-28 11:49:07.708 +00:00 [INF] Microsoft.AspNetCore.Hosting.Diagnostics: Request finished HTTP/1.0 OPTIONS http://localhost/api/auth/login - 204 null null 28.033ms
[2025-08-28 11:49:07.728 +00:00 [INF] Microsoft.AspNetCore.Hosting.Diagnostics: Request starting HTTP/1.0 POST http://localhost/api/auth/login - application/json 47
[2025-08-28 11:49:07.732 +00:00 [INF] Microsoft.AspNetCore.Cors.Infrastructure.CorsService: CORS policy execution successful.
[2025-08-28 11:49:07.737 +00:00 [INF] Microsoft.AspNetCore.Routing.EndpointMiddleware: Executing endpoint 'RdpRelay.Portal.Api.Controllers.AuthController.Login (RdpRelay.Portal.Api)'
[2025-08-28 11:49:07.743 +00:00 [INF] Microsoft.AspNetCore.Mvc.Infrastructure.ControllerActionInvoker: Route matched with {action = "Login", controller = "Auth"}. Executing controller action with signature System.Threading.Tasks.Task`1[Microsoft.AspNetCore.Mvc.ActionResult`1[RdpRelay.Portal.Api.Models.LoginResponse]] Login(RdpRelay.Portal.Api.Models.LoginRequest) on controller RdpRelay.Portal.Api.Controllers.AuthController (RdpRelay.Portal.Api).
[2025-08-28 11:49:08.147 +00:00 [INF] RdpRelay.Portal.Api.Services.UserService: User test@test.com authenticated successfully
[2025-08-28 11:49:08.174 +00:00 [INF] RdpRelay.Portal.Api.Controllers.AuthController: User 68ae16a34a4bd0ff3c89b03d logged in successfully
[2025-08-28 11:49:08.177 +00:00 [INF] Microsoft.AspNetCore.Mvc.Infrastructure.ObjectResultExecutor: Executing OkObjectResult, writing value of type 'RdpRelay.Portal.Api.Models.LoginResponse'.
[2025-08-28 11:49:08.180 +00:00 [INF] Microsoft.AspNetCore.Mvc.Infrastructure.ControllerActionInvoker: Executed action RdpRelay.Portal.Api.Controllers.AuthController.Login (RdpRelay.Portal.Api) in 436.9382ms
[2025-08-28 11:49:08.181 +00:00 [INF] Microsoft.AspNetCore.Routing.EndpointMiddleware: Executed endpoint 'RdpRelay.Portal.Api.Controllers.AuthController.Login (RdpRelay.Portal.Api)'
[2025-08-28 11:49:08.182 +00:00 [INF] Microsoft.AspNetCore.Hosting.Diagnostics: Request finished HTTP/1.0 POST http://localhost/api/auth/login - 200 null application/json; charset=utf-8 453.638ms
[2025-08-28 11:49:08.485 +00:00 [INF] Microsoft.AspNetCore.Hosting.Diagnostics: Request starting HTTP/1.0 GET http://localhost/api/tenants/68ae09d3096d59594289b03d/agents?skip=0&limit=10 - null null
[2025-08-28 11:49:08.487 +00:00 [INF] Microsoft.AspNetCore.Cors.Infrastructure.CorsService: CORS policy execution successful.
[2025-08-28 11:49:08.492 +00:00 [INF] Microsoft.AspNetCore.Hosting.Diagnostics: Request starting HTTP/1.0 GET http://localhost/api/tenants/68ae09d3096d59594289b03d/sessions?skip=0&limit=10 - null null
[2025-08-28 11:49:08.493 +00:00 [INF] Microsoft.AspNetCore.Cors.Infrastructure.CorsService: CORS policy execution successful.
[2025-08-28 11:49:08.497 +00:00 [INF] Microsoft.AspNetCore.Hosting.Diagnostics: Request starting HTTP/1.0 GET http://localhost/api/tenants/68ae09d3096d59594289b03d/users?skip=0&limit=10 - null null
[2025-08-28 11:49:08.498 +00:00 [INF] Microsoft.AspNetCore.Routing.EndpointMiddleware: Executing endpoint 'RdpRelay.Portal.Api.Controllers.SessionsController.GetSessions (RdpRelay.Portal.Api)'
[2025-08-28 11:49:08.498 +00:00 [INF] Microsoft.AspNetCore.Cors.Infrastructure.CorsService: CORS policy execution successful.
[2025-08-28 11:49:08.498 +00:00 [INF] Microsoft.AspNetCore.Routing.EndpointMiddleware: Executing endpoint 'RdpRelay.Portal.Api.Controllers.AgentsController.GetAgents (RdpRelay.Portal.Api)'
[2025-08-28 11:49:08.501 +00:00 [INF] Microsoft.AspNetCore.Mvc.Infrastructure.ControllerActionInvoker: Route matched with {action = "GetAgents", controller = "Agents"}. Executing controller action with signature System.Threading.Tasks.Task`1[Microsoft.AspNetCore.Mvc.ActionResult`1[RdpRelay.Portal.Api.Models.PagedResponse`1[RdpRelay.Portal.Api.Models.Agent]]] GetAgents(System.String, System.String, System.Nullable`1[RdpRelay.Portal.Api.Models.AgentStatus], System.String, Int32, Int32) on controller RdpRelay.Portal.Api.Controllers.AgentsController (RdpRelay.Portal.Api).
[2025-08-28 11:49:08.502 +00:00 [INF] Microsoft.AspNetCore.Routing.EndpointMiddleware: Executing endpoint 'RdpRelay.Portal.Api.Controllers.UsersController.GetUsers (RdpRelay.Portal.Api)'
[2025-08-28 11:49:08.499 +00:00 [INF] Microsoft.AspNetCore.Mvc.Infrastructure.ControllerActionInvoker: Route matched with {action = "GetSessions", controller = "Sessions"}. Executing controller action with signature System.Threading.Tasks.Task`1[Microsoft.AspNetCore.Mvc.ActionResult`1[RdpRelay.Portal.Api.Models.PagedResponse`1[RdpRelay.Portal.Api.Models.Session]]] GetSessions(System.String, System.String, System.String, System.Nullable`1[RdpRelay.Portal.Api.Models.SessionStatus], System.Nullable`1[System.DateTime], System.Nullable`1[System.DateTime], Int32, Int32) on controller RdpRelay.Portal.Api.Controllers.SessionsController (RdpRelay.Portal.Api).
[2025-08-28 11:49:08.502 +00:00 [INF] Microsoft.AspNetCore.Mvc.Infrastructure.ControllerActionInvoker: Route matched with {action = "GetUsers", controller = "Users"}. Executing controller action with signature System.Threading.Tasks.Task`1[Microsoft.AspNetCore.Mvc.ActionResult`1[RdpRelay.Portal.Api.Models.PagedResponse`1[RdpRelay.Portal.Api.Models.User]]] GetUsers(System.String, System.String, System.Nullable`1[RdpRelay.Portal.Api.Models.UserRole], System.Nullable`1[System.Boolean], Int32, Int32) on controller RdpRelay.Portal.Api.Controllers.UsersController (RdpRelay.Portal.Api).
[2025-08-28 11:49:08.513 +00:00 [INF] Microsoft.AspNetCore.Mvc.Infrastructure.ObjectResultExecutor: Executing OkObjectResult, writing value of type 'RdpRelay.Portal.Api.Models.PagedResponse`1[[RdpRelay.Portal.Api.Models.User, RdpRelay.Portal.Api, Version=1.0.0.0, Culture=neutral, PublicKeyToken=null]]'.
[2025-08-28 11:49:08.514 +00:00 [INF] Microsoft.AspNetCore.Mvc.Infrastructure.ObjectResultExecutor: Executing OkObjectResult, writing value of type 'RdpRelay.Portal.Api.Models.PagedResponse`1[[RdpRelay.Portal.Api.Models.Session, RdpRelay.Portal.Api, Version=1.0.0.0, Culture=neutral, PublicKeyToken=null]]'.
[2025-08-28 11:49:08.514 +00:00 [INF] Microsoft.AspNetCore.Mvc.Infrastructure.ObjectResultExecutor: Executing OkObjectResult, writing value of type 'RdpRelay.Portal.Api.Models.PagedResponse`1[[RdpRelay.Portal.Api.Models.Agent, RdpRelay.Portal.Api, Version=1.0.0.0, Culture=neutral, PublicKeyToken=null]]'.
[2025-08-28 11:49:08.515 +00:00 [INF] Microsoft.AspNetCore.Mvc.Infrastructure.ControllerActionInvoker: Executed action RdpRelay.Portal.Api.Controllers.SessionsController.GetSessions (RdpRelay.Portal.Api) in 12.7078ms
[2025-08-28 11:49:08.518 +00:00 [INF] Microsoft.AspNetCore.Mvc.Infrastructure.ControllerActionInvoker: Executed action RdpRelay.Portal.Api.Controllers.UsersController.GetUsers (RdpRelay.Portal.Api) in 14.4185ms
[2025-08-28 11:49:08.518 +00:00 [INF] Microsoft.AspNetCore.Routing.EndpointMiddleware: Executed endpoint 'RdpRelay.Portal.Api.Controllers.SessionsController.GetSessions (RdpRelay.Portal.Api)'
[2025-08-28 11:49:08.518 +00:00 [INF] Microsoft.AspNetCore.Routing.EndpointMiddleware: Executed endpoint 'RdpRelay.Portal.Api.Controllers.UsersController.GetUsers (RdpRelay.Portal.Api)'
[2025-08-28 11:49:08.519 +00:00 [INF] Microsoft.AspNetCore.Hosting.Diagnostics: Request finished HTTP/1.0 GET http://localhost/api/tenants/68ae09d3096d59594289b03d/sessions?skip=0&limit=10 - 200 null application/json; charset=utf-8 26.6644ms
[2025-08-28 11:49:08.519 +00:00 [INF] Microsoft.AspNetCore.Mvc.Infrastructure.ControllerActionInvoker: Executed action RdpRelay.Portal.Api.Controllers.AgentsController.GetAgents (RdpRelay.Portal.Api) in 17.2235ms
[2025-08-28 11:49:08.520 +00:00 [INF] Microsoft.AspNetCore.Hosting.Diagnostics: Request finished HTTP/1.0 GET http://localhost/api/tenants/68ae09d3096d59594289b03d/users?skip=0&limit=10 - 200 null application/json; charset=utf-8 22.477ms
[2025-08-28 11:49:08.522 +00:00 [INF] Microsoft.AspNetCore.Routing.EndpointMiddleware: Executed endpoint 'RdpRelay.Portal.Api.Controllers.AgentsController.GetAgents (RdpRelay.Portal.Api)'
[2025-08-28 11:49:08.523 +00:00 [INF] Microsoft.AspNetCore.Hosting.Diagnostics: Request finished HTTP/1.0 GET http://localhost/api/tenants/68ae09d3096d59594289b03d/agents?skip=0&limit=10 - 200 null application/json; charset=utf-8 38.3993ms
[2025-08-28 11:49:41.058 +00:00 [INF] Microsoft.AspNetCore.Hosting.Diagnostics: Request starting HTTP/1.0 GET http://localhost/api/tenants/68ae09d3096d59594289b03d/agents?skip=0&limit=10 - null null
[2025-08-28 11:49:41.058 +00:00 [INF] Microsoft.AspNetCore.Hosting.Diagnostics: Request starting HTTP/1.0 GET http://localhost/api/tenants/68ae09d3096d59594289b03d/sessions?skip=0&limit=10 - null null
[2025-08-28 11:49:41.059 +00:00 [INF] Microsoft.AspNetCore.Cors.Infrastructure.CorsService: CORS policy execution successful.
[2025-08-28 11:49:41.060 +00:00 [INF] Microsoft.AspNetCore.Cors.Infrastructure.CorsService: CORS policy execution successful.
[2025-08-28 11:49:41.061 +00:00 [INF] Microsoft.AspNetCore.Routing.EndpointMiddleware: Executing endpoint 'RdpRelay.Portal.Api.Controllers.AgentsController.GetAgents (RdpRelay.Portal.Api)'
[2025-08-28 11:49:41.061 +00:00 [INF] Microsoft.AspNetCore.Routing.EndpointMiddleware: Executing endpoint 'RdpRelay.Portal.Api.Controllers.SessionsController.GetSessions (RdpRelay.Portal.Api)'
[2025-08-28 11:49:41.063 +00:00 [INF] Microsoft.AspNetCore.Mvc.Infrastructure.ControllerActionInvoker: Route matched with {action = "GetAgents", controller = "Agents"}. Executing controller action with signature System.Threading.Tasks.Task`1[Microsoft.AspNetCore.Mvc.ActionResult`1[RdpRelay.Portal.Api.Models.PagedResponse`1[RdpRelay.Portal.Api.Models.Agent]]] GetAgents(System.String, System.String, System.Nullable`1[RdpRelay.Portal.Api.Models.AgentStatus], System.String, Int32, Int32) on controller RdpRelay.Portal.Api.Controllers.AgentsController (RdpRelay.Portal.Api).
[2025-08-28 11:49:41.064 +00:00 [INF] Microsoft.AspNetCore.Hosting.Diagnostics: Request starting HTTP/1.0 GET http://localhost/api/tenants/68ae09d3096d59594289b03d/users?skip=0&limit=10 - null null
[2025-08-28 11:49:41.064 +00:00 [INF] Microsoft.AspNetCore.Mvc.Infrastructure.ControllerActionInvoker: Route matched with {action = "GetSessions", controller = "Sessions"}. Executing controller action with signature System.Threading.Tasks.Task`1[Microsoft.AspNetCore.Mvc.ActionResult`1[RdpRelay.Portal.Api.Models.PagedResponse`1[RdpRelay.Portal.Api.Models.Session]]] GetSessions(System.String, System.String, System.String, System.Nullable`1[RdpRelay.Portal.Api.Models.SessionStatus], System.Nullable`1[System.DateTime], System.Nullable`1[System.DateTime], Int32, Int32) on controller RdpRelay.Portal.Api.Controllers.SessionsController (RdpRelay.Portal.Api).
[2025-08-28 11:49:41.065 +00:00 [INF] Microsoft.AspNetCore.Cors.Infrastructure.CorsService: CORS policy execution successful.
[2025-08-28 11:49:41.068 +00:00 [INF] Microsoft.AspNetCore.Routing.EndpointMiddleware: Executing endpoint 'RdpRelay.Portal.Api.Controllers.UsersController.GetUsers (RdpRelay.Portal.Api)'
[2025-08-28 11:49:41.069 +00:00 [INF] Microsoft.AspNetCore.Mvc.Infrastructure.ControllerActionInvoker: Route matched with {action = "GetUsers", controller = "Users"}. Executing controller action with signature System.Threading.Tasks.Task`1[Microsoft.AspNetCore.Mvc.ActionResult`1[RdpRelay.Portal.Api.Models.PagedResponse`1[RdpRelay.Portal.Api.Models.User]]] GetUsers(System.String, System.String, System.Nullable`1[RdpRelay.Portal.Api.Models.UserRole], System.Nullable`1[System.Boolean], Int32, Int32) on controller RdpRelay.Portal.Api.Controllers.UsersController (RdpRelay.Portal.Api).
[2025-08-28 11:49:41.081 +00:00 [INF] Microsoft.AspNetCore.Mvc.Infrastructure.ObjectResultExecutor: Executing OkObjectResult, writing value of type 'RdpRelay.Portal.Api.Models.PagedResponse`1[[RdpRelay.Portal.Api.Models.Agent, RdpRelay.Portal.Api, Version=1.0.0.0, Culture=neutral, PublicKeyToken=null]]'.
[2025-08-28 11:49:41.082 +00:00 [INF] Microsoft.AspNetCore.Mvc.Infrastructure.ObjectResultExecutor: Executing OkObjectResult, writing value of type 'RdpRelay.Portal.Api.Models.PagedResponse`1[[RdpRelay.Portal.Api.Models.User, RdpRelay.Portal.Api, Version=1.0.0.0, Culture=neutral, PublicKeyToken=null]]'.
[2025-08-28 11:49:41.084 +00:00 [INF] Microsoft.AspNetCore.Mvc.Infrastructure.ControllerActionInvoker: Executed action RdpRelay.Portal.Api.Controllers.AgentsController.GetAgents (RdpRelay.Portal.Api) in 19.6758ms
[2025-08-28 11:49:41.084 +00:00 [INF] Microsoft.AspNetCore.Mvc.Infrastructure.ControllerActionInvoker: Executed action RdpRelay.Portal.Api.Controllers.UsersController.GetUsers (RdpRelay.Portal.Api) in 14.1616ms
[2025-08-28 11:49:41.085 +00:00 [INF] Microsoft.AspNetCore.Routing.EndpointMiddleware: Executed endpoint 'RdpRelay.Portal.Api.Controllers.AgentsController.GetAgents (RdpRelay.Portal.Api)'
[2025-08-28 11:49:41.086 +00:00 [INF] Microsoft.AspNetCore.Routing.EndpointMiddleware: Executed endpoint 'RdpRelay.Portal.Api.Controllers.UsersController.GetUsers (RdpRelay.Portal.Api)'
[2025-08-28 11:49:41.087 +00:00 [INF] Microsoft.AspNetCore.Hosting.Diagnostics: Request finished HTTP/1.0 GET http://localhost/api/tenants/68ae09d3096d59594289b03d/agents?skip=0&limit=10 - 200 null application/json; charset=utf-8 29.5014ms
[2025-08-28 11:49:41.088 +00:00 [INF] Microsoft.AspNetCore.Hosting.Diagnostics: Request finished HTTP/1.0 GET http://localhost/api/tenants/68ae09d3096d59594289b03d/users?skip=0&limit=10 - 200 null application/json; charset=utf-8 23.7066ms
[2025-08-28 11:49:41.087 +00:00 [INF] Microsoft.AspNetCore.Mvc.Infrastructure.ObjectResultExecutor: Executing OkObjectResult, writing value of type 'RdpRelay.Portal.Api.Models.PagedResponse`1[[RdpRelay.Portal.Api.Models.Session, RdpRelay.Portal.Api, Version=1.0.0.0, Culture=neutral, PublicKeyToken=null]]'.
[2025-08-28 11:49:41.091 +00:00 [INF] Microsoft.AspNetCore.Mvc.Infrastructure.ControllerActionInvoker: Executed action RdpRelay.Portal.Api.Controllers.SessionsController.GetSessions (RdpRelay.Portal.Api) in 25.1553ms
[2025-08-28 11:49:41.092 +00:00 [INF] Microsoft.AspNetCore.Routing.EndpointMiddleware: Executed endpoint 'RdpRelay.Portal.Api.Controllers.SessionsController.GetSessions (RdpRelay.Portal.Api)'
[2025-08-28 11:49:41.093 +00:00 [INF] Microsoft.AspNetCore.Hosting.Diagnostics: Request finished HTTP/1.0 GET http://localhost/api/tenants/68ae09d3096d59594289b03d/sessions?skip=0&limit=10 - 200 null application/json; charset=utf-8 35.4601ms
[2025-08-28 11:49:45.252 +00:00 [INF] Microsoft.AspNetCore.Hosting.Diagnostics: Request starting HTTP/1.0 GET http://localhost/api/tenants/68ae09d3096d59594289b03d/agents?skip=0&limit=100 - null null
[2025-08-28 11:49:45.253 +00:00 [INF] Microsoft.AspNetCore.Cors.Infrastructure.CorsService: CORS policy execution successful.
[2025-08-28 11:49:45.255 +00:00 [INF] Microsoft.AspNetCore.Routing.EndpointMiddleware: Executing endpoint 'RdpRelay.Portal.Api.Controllers.AgentsController.GetAgents (RdpRelay.Portal.Api)'
[2025-08-28 11:49:45.255 +00:00 [INF] Microsoft.AspNetCore.Mvc.Infrastructure.ControllerActionInvoker: Route matched with {action = "GetAgents", controller = "Agents"}. Executing controller action with signature System.Threading.Tasks.Task`1[Microsoft.AspNetCore.Mvc.ActionResult`1[RdpRelay.Portal.Api.Models.PagedResponse`1[RdpRelay.Portal.Api.Models.Agent]]] GetAgents(System.String, System.String, System.Nullable`1[RdpRelay.Portal.Api.Models.AgentStatus], System.String, Int32, Int32) on controller RdpRelay.Portal.Api.Controllers.AgentsController (RdpRelay.Portal.Api).
[2025-08-28 11:49:45.264 +00:00 [INF] Microsoft.AspNetCore.Mvc.Infrastructure.ObjectResultExecutor: Executing OkObjectResult, writing value of type 'RdpRelay.Portal.Api.Models.PagedResponse`1[[RdpRelay.Portal.Api.Models.Agent, RdpRelay.Portal.Api, Version=1.0.0.0, Culture=neutral, PublicKeyToken=null]]'.
[2025-08-28 11:49:45.265 +00:00 [INF] Microsoft.AspNetCore.Mvc.Infrastructure.ControllerActionInvoker: Executed action RdpRelay.Portal.Api.Controllers.AgentsController.GetAgents (RdpRelay.Portal.Api) in 9.4367ms
[2025-08-28 11:49:45.266 +00:00 [INF] Microsoft.AspNetCore.Routing.EndpointMiddleware: Executed endpoint 'RdpRelay.Portal.Api.Controllers.AgentsController.GetAgents (RdpRelay.Portal.Api)'
[2025-08-28 11:49:45.266 +00:00 [INF] Microsoft.AspNetCore.Hosting.Diagnostics: Request finished HTTP/1.0 GET http://localhost/api/tenants/68ae09d3096d59594289b03d/agents?skip=0&limit=100 - 200 null application/json; charset=utf-8 14.0827ms
[2025-08-28 11:49:53.459 +00:00 [INF] Microsoft.AspNetCore.Hosting.Diagnostics: Request starting HTTP/1.0 POST http://localhost/api/tenants/68ae09d3096d59594289b03d/agents/provisioning-token - application/json 16
[2025-08-28 11:49:53.461 +00:00 [INF] Microsoft.AspNetCore.Cors.Infrastructure.CorsService: CORS policy execution successful.
[2025-08-28 11:49:53.466 +00:00 [INF] Microsoft.AspNetCore.Routing.EndpointMiddleware: Executing endpoint 'RdpRelay.Portal.Api.Controllers.AgentsController.GenerateProvisioningToken (RdpRelay.Portal.Api)'
[2025-08-28 11:49:53.479 +00:00 [INF] Microsoft.AspNetCore.Mvc.Infrastructure.ControllerActionInvoker: Route matched with {action = "GenerateProvisioningToken", controller = "Agents"}. Executing controller action with signature System.Threading.Tasks.Task`1[Microsoft.AspNetCore.Mvc.ActionResult`1[System.Object]] GenerateProvisioningToken(System.String, RdpRelay.Portal.Api.Models.GenerateProvisioningTokenRequest) on controller RdpRelay.Portal.Api.Controllers.AgentsController (RdpRelay.Portal.Api).
[2025-08-28 11:49:53.494 +00:00 [INF] Microsoft.AspNetCore.Mvc.Infrastructure.ObjectResultExecutor: Executing OkObjectResult, writing value of type '<>f__AnonymousType2`3[[System.String, System.Private.CoreLib, Version=9.0.0.0, Culture=neutral, PublicKeyToken=7cec85d7bea7798e],[System.String, System.Private.CoreLib, Version=9.0.0.0, Culture=neutral, PublicKeyToken=7cec85d7bea7798e],[System.DateTime, System.Private.CoreLib, Version=9.0.0.0, Culture=neutral, PublicKeyToken=7cec85d7bea7798e]]'.
[2025-08-28 11:49:53.503 +00:00 [INF] Microsoft.AspNetCore.Mvc.Infrastructure.ControllerActionInvoker: Executed action RdpRelay.Portal.Api.Controllers.AgentsController.GenerateProvisioningToken (RdpRelay.Portal.Api) in 23.2376ms
[2025-08-28 11:49:53.505 +00:00 [INF] Microsoft.AspNetCore.Routing.EndpointMiddleware: Executed endpoint 'RdpRelay.Portal.Api.Controllers.AgentsController.GenerateProvisioningToken (RdpRelay.Portal.Api)'
[2025-08-28 11:49:53.506 +00:00 [INF] Microsoft.AspNetCore.Hosting.Diagnostics: Request finished HTTP/1.0 POST http://localhost/api/tenants/68ae09d3096d59594289b03d/agents/provisioning-token - 200 null application/json; charset=utf-8 46.8442ms
[2025-08-28 11:50:33.639 +00:00 [INF] Microsoft.AspNetCore.Hosting.Diagnostics: Request starting HTTP/1.0 OPTIONS http://localhost/api/auth/login - null null
[2025-08-28 11:50:33.642 +00:00 [INF] Microsoft.AspNetCore.Cors.Infrastructure.CorsService: CORS policy execution successful.
[2025-08-28 11:50:33.646 +00:00 [INF] Microsoft.AspNetCore.Hosting.Diagnostics: Request finished HTTP/1.0 OPTIONS http://localhost/api/auth/login - 204 null null 6.6239ms
[2025-08-28 11:50:33.655 +00:00 [INF] Microsoft.AspNetCore.Hosting.Diagnostics: Request starting HTTP/1.0 POST http://localhost/api/auth/login - application/json 47
[2025-08-28 11:50:33.656 +00:00 [INF] Microsoft.AspNetCore.Cors.Infrastructure.CorsService: CORS policy execution successful.
[2025-08-28 11:50:33.656 +00:00 [INF] Microsoft.AspNetCore.Routing.EndpointMiddleware: Executing endpoint 'RdpRelay.Portal.Api.Controllers.AuthController.Login (RdpRelay.Portal.Api)'
[2025-08-28 11:50:33.657 +00:00 [INF] Microsoft.AspNetCore.Mvc.Infrastructure.ControllerActionInvoker: Route matched with {action = "Login", controller = "Auth"}. Executing controller action with signature System.Threading.Tasks.Task`1[Microsoft.AspNetCore.Mvc.ActionResult`1[RdpRelay.Portal.Api.Models.LoginResponse]] Login(RdpRelay.Portal.Api.Models.LoginRequest) on controller RdpRelay.Portal.Api.Controllers.AuthController (RdpRelay.Portal.Api).
[2025-08-28 11:50:33.872 +00:00 [INF] RdpRelay.Portal.Api.Services.UserService: User test@test.com authenticated successfully
[2025-08-28 11:50:33.883 +00:00 [INF] RdpRelay.Portal.Api.Controllers.AuthController: User 68ae16a34a4bd0ff3c89b03d logged in successfully
[2025-08-28 11:50:33.884 +00:00 [INF] Microsoft.AspNetCore.Mvc.Infrastructure.ObjectResultExecutor: Executing OkObjectResult, writing value of type 'RdpRelay.Portal.Api.Models.LoginResponse'.
[2025-08-28 11:50:33.886 +00:00 [INF] Microsoft.AspNetCore.Mvc.Infrastructure.ControllerActionInvoker: Executed action RdpRelay.Portal.Api.Controllers.AuthController.Login (RdpRelay.Portal.Api) in 227.7025ms
[2025-08-28 11:50:33.887 +00:00 [INF] Microsoft.AspNetCore.Routing.EndpointMiddleware: Executed endpoint 'RdpRelay.Portal.Api.Controllers.AuthController.Login (RdpRelay.Portal.Api)'
[2025-08-28 11:50:33.888 +00:00 [INF] Microsoft.AspNetCore.Hosting.Diagnostics: Request finished HTTP/1.0 POST http://localhost/api/auth/login - 200 null application/json; charset=utf-8 232.8519ms
[2025-08-28 11:50:34.057 +00:00 [INF] Microsoft.AspNetCore.Hosting.Diagnostics: Request starting HTTP/1.0 GET http://localhost/api/tenants/68ae09d3096d59594289b03d/agents?skip=0&limit=10 - null null
[2025-08-28 11:50:34.058 +00:00 [INF] Microsoft.AspNetCore.Cors.Infrastructure.CorsService: CORS policy execution successful.
[2025-08-28 11:50:34.060 +00:00 [INF] Microsoft.AspNetCore.Routing.EndpointMiddleware: Executing endpoint 'RdpRelay.Portal.Api.Controllers.AgentsController.GetAgents (RdpRelay.Portal.Api)'
[2025-08-28 11:50:34.062 +00:00 [INF] Microsoft.AspNetCore.Mvc.Infrastructure.ControllerActionInvoker: Route matched with {action = "GetAgents", controller = "Agents"}. Executing controller action with signature System.Threading.Tasks.Task`1[Microsoft.AspNetCore.Mvc.ActionResult`1[RdpRelay.Portal.Api.Models.PagedResponse`1[RdpRelay.Portal.Api.Models.Agent]]] GetAgents(System.String, System.String, System.Nullable`1[RdpRelay.Portal.Api.Models.AgentStatus], System.String, Int32, Int32) on controller RdpRelay.Portal.Api.Controllers.AgentsController (RdpRelay.Portal.Api).
[2025-08-28 11:50:34.074 +00:00 [INF] Microsoft.AspNetCore.Mvc.Infrastructure.ObjectResultExecutor: Executing OkObjectResult, writing value of type 'RdpRelay.Portal.Api.Models.PagedResponse`1[[RdpRelay.Portal.Api.Models.Agent, RdpRelay.Portal.Api, Version=1.0.0.0, Culture=neutral, PublicKeyToken=null]]'.
[2025-08-28 11:50:34.076 +00:00 [INF] Microsoft.AspNetCore.Mvc.Infrastructure.ControllerActionInvoker: Executed action RdpRelay.Portal.Api.Controllers.AgentsController.GetAgents (RdpRelay.Portal.Api) in 12.5005ms
[2025-08-28 11:50:34.077 +00:00 [INF] Microsoft.AspNetCore.Routing.EndpointMiddleware: Executed endpoint 'RdpRelay.Portal.Api.Controllers.AgentsController.GetAgents (RdpRelay.Portal.Api)'
[2025-08-28 11:50:34.079 +00:00 [INF] Microsoft.AspNetCore.Hosting.Diagnostics: Request finished HTTP/1.0 GET http://localhost/api/tenants/68ae09d3096d59594289b03d/agents?skip=0&limit=10 - 200 null application/json; charset=utf-8 20.6686ms
[2025-08-28 11:50:34.085 +00:00 [INF] Microsoft.AspNetCore.Hosting.Diagnostics: Request starting HTTP/1.0 GET http://localhost/api/tenants/68ae09d3096d59594289b03d/sessions?skip=0&limit=10 - null null
[2025-08-28 11:50:34.085 +00:00 [INF] Microsoft.AspNetCore.Cors.Infrastructure.CorsService: CORS policy execution successful.
[2025-08-28 11:50:34.088 +00:00 [INF] Microsoft.AspNetCore.Routing.EndpointMiddleware: Executing endpoint 'RdpRelay.Portal.Api.Controllers.SessionsController.GetSessions (RdpRelay.Portal.Api)'
[2025-08-28 11:50:34.088 +00:00 [INF] Microsoft.AspNetCore.Mvc.Infrastructure.ControllerActionInvoker: Route matched with {action = "GetSessions", controller = "Sessions"}. Executing controller action with signature System.Threading.Tasks.Task`1[Microsoft.AspNetCore.Mvc.ActionResult`1[RdpRelay.Portal.Api.Models.PagedResponse`1[RdpRelay.Portal.Api.Models.Session]]] GetSessions(System.String, System.String, System.String, System.Nullable`1[RdpRelay.Portal.Api.Models.SessionStatus], System.Nullable`1[System.DateTime], System.Nullable`1[System.DateTime], Int32, Int32) on controller RdpRelay.Portal.Api.Controllers.SessionsController (RdpRelay.Portal.Api).
[2025-08-28 11:50:34.096 +00:00 [INF] Microsoft.AspNetCore.Mvc.Infrastructure.ObjectResultExecutor: Executing OkObjectResult, writing value of type 'RdpRelay.Portal.Api.Models.PagedResponse`1[[RdpRelay.Portal.Api.Models.Session, RdpRelay.Portal.Api, Version=1.0.0.0, Culture=neutral, PublicKeyToken=null]]'.
[2025-08-28 11:50:34.107 +00:00 [INF] Microsoft.AspNetCore.Mvc.Infrastructure.ControllerActionInvoker: Executed action RdpRelay.Portal.Api.Controllers.SessionsController.GetSessions (RdpRelay.Portal.Api) in 8.2745ms
[2025-08-28 11:50:34.117 +00:00 [INF] Microsoft.AspNetCore.Routing.EndpointMiddleware: Executed endpoint 'RdpRelay.Portal.Api.Controllers.SessionsController.GetSessions (RdpRelay.Portal.Api)'
[2025-08-28 11:50:34.118 +00:00 [INF] Microsoft.AspNetCore.Hosting.Diagnostics: Request finished HTTP/1.0 GET http://localhost/api/tenants/68ae09d3096d59594289b03d/sessions?skip=0&limit=10 - 200 null application/json; charset=utf-8 33.25ms
[2025-08-28 11:50:34.133 +00:00 [INF] Microsoft.AspNetCore.Hosting.Diagnostics: Request starting HTTP/1.0 GET http://localhost/api/tenants/68ae09d3096d59594289b03d/users?skip=0&limit=10 - null null
[2025-08-28 11:50:34.135 +00:00 [INF] Microsoft.AspNetCore.Cors.Infrastructure.CorsService: CORS policy execution successful.
[2025-08-28 11:50:34.139 +00:00 [INF] Microsoft.AspNetCore.Routing.EndpointMiddleware: Executing endpoint 'RdpRelay.Portal.Api.Controllers.UsersController.GetUsers (RdpRelay.Portal.Api)'
[2025-08-28 11:50:34.141 +00:00 [INF] Microsoft.AspNetCore.Mvc.Infrastructure.ControllerActionInvoker: Route matched with {action = "GetUsers", controller = "Users"}. Executing controller action with signature System.Threading.Tasks.Task`1[Microsoft.AspNetCore.Mvc.ActionResult`1[RdpRelay.Portal.Api.Models.PagedResponse`1[RdpRelay.Portal.Api.Models.User]]] GetUsers(System.String, System.String, System.Nullable`1[RdpRelay.Portal.Api.Models.UserRole], System.Nullable`1[System.Boolean], Int32, Int32) on controller RdpRelay.Portal.Api.Controllers.UsersController (RdpRelay.Portal.Api).
[2025-08-28 11:50:34.154 +00:00 [INF] Microsoft.AspNetCore.Mvc.Infrastructure.ObjectResultExecutor: Executing OkObjectResult, writing value of type 'RdpRelay.Portal.Api.Models.PagedResponse`1[[RdpRelay.Portal.Api.Models.User, RdpRelay.Portal.Api, Version=1.0.0.0, Culture=neutral, PublicKeyToken=null]]'.
[2025-08-28 11:50:34.156 +00:00 [INF] Microsoft.AspNetCore.Mvc.Infrastructure.ControllerActionInvoker: Executed action RdpRelay.Portal.Api.Controllers.UsersController.GetUsers (RdpRelay.Portal.Api) in 14.1919ms
[2025-08-28 11:50:34.159 +00:00 [INF] Microsoft.AspNetCore.Routing.EndpointMiddleware: Executed endpoint 'RdpRelay.Portal.Api.Controllers.UsersController.GetUsers (RdpRelay.Portal.Api)'
[2025-08-28 11:50:34.159 +00:00 [INF] Microsoft.AspNetCore.Hosting.Diagnostics: Request finished HTTP/1.0 GET http://localhost/api/tenants/68ae09d3096d59594289b03d/users?skip=0&limit=10 - 200 null application/json; charset=utf-8 26.637ms
[2025-08-28 11:51:05.884 +00:00 [INF] Microsoft.AspNetCore.Hosting.Diagnostics: Request starting HTTP/1.0 GET http://localhost/api/tenants/68ae09d3096d59594289b03d/agents?skip=0&limit=100 - null null
[2025-08-28 11:51:05.884 +00:00 [INF] Microsoft.AspNetCore.Hosting.Diagnostics: Request starting HTTP/1.0 GET http://localhost/api/tenants/68ae09d3096d59594289b03d/sessions?skip=0&limit=100 - null null
[2025-08-28 11:51:05.887 +00:00 [INF] Microsoft.AspNetCore.Cors.Infrastructure.CorsService: CORS policy execution successful.
[2025-08-28 11:51:05.887 +00:00 [INF] Microsoft.AspNetCore.Cors.Infrastructure.CorsService: CORS policy execution successful.
[2025-08-28 11:51:05.890 +00:00 [INF] Microsoft.AspNetCore.Routing.EndpointMiddleware: Executing endpoint 'RdpRelay.Portal.Api.Controllers.SessionsController.GetSessions (RdpRelay.Portal.Api)'
[2025-08-28 11:51:05.890 +00:00 [INF] Microsoft.AspNetCore.Routing.EndpointMiddleware: Executing endpoint 'RdpRelay.Portal.Api.Controllers.AgentsController.GetAgents (RdpRelay.Portal.Api)'
[2025-08-28 11:51:05.892 +00:00 [INF] Microsoft.AspNetCore.Mvc.Infrastructure.ControllerActionInvoker: Route matched with {action = "GetSessions", controller = "Sessions"}. Executing controller action with signature System.Threading.Tasks.Task`1[Microsoft.AspNetCore.Mvc.ActionResult`1[RdpRelay.Portal.Api.Models.PagedResponse`1[RdpRelay.Portal.Api.Models.Session]]] GetSessions(System.String, System.String, System.String, System.Nullable`1[RdpRelay.Portal.Api.Models.SessionStatus], System.Nullable`1[System.DateTime], System.Nullable`1[System.DateTime], Int32, Int32) on controller RdpRelay.Portal.Api.Controllers.SessionsController (RdpRelay.Portal.Api).
[2025-08-28 11:51:05.892 +00:00 [INF] Microsoft.AspNetCore.Mvc.Infrastructure.ControllerActionInvoker: Route matched with {action = "GetAgents", controller = "Agents"}. Executing controller action with signature System.Threading.Tasks.Task`1[Microsoft.AspNetCore.Mvc.ActionResult`1[RdpRelay.Portal.Api.Models.PagedResponse`1[RdpRelay.Portal.Api.Models.Agent]]] GetAgents(System.String, System.String, System.Nullable`1[RdpRelay.Portal.Api.Models.AgentStatus], System.String, Int32, Int32) on controller RdpRelay.Portal.Api.Controllers.AgentsController (RdpRelay.Portal.Api).
[2025-08-28 11:51:05.910 +00:00 [INF] Microsoft.AspNetCore.Mvc.Infrastructure.ObjectResultExecutor: Executing OkObjectResult, writing value of type 'RdpRelay.Portal.Api.Models.PagedResponse`1[[RdpRelay.Portal.Api.Models.Agent, RdpRelay.Portal.Api, Version=1.0.0.0, Culture=neutral, PublicKeyToken=null]]'.
[2025-08-28 11:51:05.910 +00:00 [INF] Microsoft.AspNetCore.Mvc.Infrastructure.ObjectResultExecutor: Executing OkObjectResult, writing value of type 'RdpRelay.Portal.Api.Models.PagedResponse`1[[RdpRelay.Portal.Api.Models.Session, RdpRelay.Portal.Api, Version=1.0.0.0, Culture=neutral, PublicKeyToken=null]]'.
[2025-08-28 11:51:05.911 +00:00 [INF] Microsoft.AspNetCore.Mvc.Infrastructure.ControllerActionInvoker: Executed action RdpRelay.Portal.Api.Controllers.SessionsController.GetSessions (RdpRelay.Portal.Api) in 18.0357ms
[2025-08-28 11:51:05.912 +00:00 [INF] Microsoft.AspNetCore.Routing.EndpointMiddleware: Executed endpoint 'RdpRelay.Portal.Api.Controllers.SessionsController.GetSessions (RdpRelay.Portal.Api)'
[2025-08-28 11:51:05.911 +00:00 [INF] Microsoft.AspNetCore.Mvc.Infrastructure.ControllerActionInvoker: Executed action RdpRelay.Portal.Api.Controllers.AgentsController.GetAgents (RdpRelay.Portal.Api) in 17.4031ms
[2025-08-28 11:51:05.916 +00:00 [INF] Microsoft.AspNetCore.Routing.EndpointMiddleware: Executed endpoint 'RdpRelay.Portal.Api.Controllers.AgentsController.GetAgents (RdpRelay.Portal.Api)'
[2025-08-28 11:51:05.914 +00:00 [INF] Microsoft.AspNetCore.Hosting.Diagnostics: Request finished HTTP/1.0 GET http://localhost/api/tenants/68ae09d3096d59594289b03d/sessions?skip=0&limit=100 - 200 null application/json; charset=utf-8 31.1366ms
[2025-08-28 11:51:05.917 +00:00 [INF] Microsoft.AspNetCore.Hosting.Diagnostics: Request finished HTTP/1.0 GET http://localhost/api/tenants/68ae09d3096d59594289b03d/agents?skip=0&limit=100 - 200 null application/json; charset=utf-8 33.0834ms
[2025-08-28 11:51:08.796 +00:00 [INF] Microsoft.AspNetCore.Hosting.Diagnostics: Request starting HTTP/1.0 GET http://localhost/api/tenants/68ae09d3096d59594289b03d/agents?skip=0&limit=100 - null null
[2025-08-28 11:51:08.801 +00:00 [INF] Microsoft.AspNetCore.Cors.Infrastructure.CorsService: CORS policy execution successful.
[2025-08-28 11:51:08.807 +00:00 [INF] Microsoft.AspNetCore.Routing.EndpointMiddleware: Executing endpoint 'RdpRelay.Portal.Api.Controllers.AgentsController.GetAgents (RdpRelay.Portal.Api)'
[2025-08-28 11:51:08.811 +00:00 [INF] Microsoft.AspNetCore.Mvc.Infrastructure.ControllerActionInvoker: Route matched with {action = "GetAgents", controller = "Agents"}. Executing controller action with signature System.Threading.Tasks.Task`1[Microsoft.AspNetCore.Mvc.ActionResult`1[RdpRelay.Portal.Api.Models.PagedResponse`1[RdpRelay.Portal.Api.Models.Agent]]] GetAgents(System.String, System.String, System.Nullable`1[RdpRelay.Portal.Api.Models.AgentStatus], System.String, Int32, Int32) on controller RdpRelay.Portal.Api.Controllers.AgentsController (RdpRelay.Portal.Api).
[2025-08-28 11:51:08.820 +00:00 [INF] Microsoft.AspNetCore.Mvc.Infrastructure.ObjectResultExecutor: Executing OkObjectResult, writing value of type 'RdpRelay.Portal.Api.Models.PagedResponse`1[[RdpRelay.Portal.Api.Models.Agent, RdpRelay.Portal.Api, Version=1.0.0.0, Culture=neutral, PublicKeyToken=null]]'.
[2025-08-28 11:51:08.821 +00:00 [INF] Microsoft.AspNetCore.Mvc.Infrastructure.ControllerActionInvoker: Executed action RdpRelay.Portal.Api.Controllers.AgentsController.GetAgents (RdpRelay.Portal.Api) in 9.946ms
[2025-08-28 11:51:08.822 +00:00 [INF] Microsoft.AspNetCore.Routing.EndpointMiddleware: Executed endpoint 'RdpRelay.Portal.Api.Controllers.AgentsController.GetAgents (RdpRelay.Portal.Api)'
[2025-08-28 11:51:08.822 +00:00 [INF] Microsoft.AspNetCore.Hosting.Diagnostics: Request finished HTTP/1.0 GET http://localhost/api/tenants/68ae09d3096d59594289b03d/agents?skip=0&limit=100 - 200 null application/json; charset=utf-8 26.5204ms
[2025-08-28 11:51:10.873 +00:00 [INF] Microsoft.AspNetCore.Hosting.Diagnostics: Request starting HTTP/1.0 POST http://localhost/api/tenants/68ae09d3096d59594289b03d/agents/provisioning-token - application/json 16
[2025-08-28 11:51:10.888 +00:00 [INF] Microsoft.AspNetCore.Cors.Infrastructure.CorsService: CORS policy execution successful.
[2025-08-28 11:51:10.891 +00:00 [INF] Microsoft.AspNetCore.Routing.EndpointMiddleware: Executing endpoint 'RdpRelay.Portal.Api.Controllers.AgentsController.GenerateProvisioningToken (RdpRelay.Portal.Api)'
[2025-08-28 11:51:10.892 +00:00 [INF] Microsoft.AspNetCore.Mvc.Infrastructure.ControllerActionInvoker: Route matched with {action = "GenerateProvisioningToken", controller = "Agents"}. Executing controller action with signature System.Threading.Tasks.Task`1[Microsoft.AspNetCore.Mvc.ActionResult`1[System.Object]] GenerateProvisioningToken(System.String, RdpRelay.Portal.Api.Models.GenerateProvisioningTokenRequest) on controller RdpRelay.Portal.Api.Controllers.AgentsController (RdpRelay.Portal.Api).
[2025-08-28 11:51:10.900 +00:00 [INF] Microsoft.AspNetCore.Mvc.Infrastructure.ObjectResultExecutor: Executing OkObjectResult, writing value of type '<>f__AnonymousType2`3[[System.String, System.Private.CoreLib, Version=9.0.0.0, Culture=neutral, PublicKeyToken=7cec85d7bea7798e],[System.String, System.Private.CoreLib, Version=9.0.0.0, Culture=neutral, PublicKeyToken=7cec85d7bea7798e],[System.DateTime, System.Private.CoreLib, Version=9.0.0.0, Culture=neutral, PublicKeyToken=7cec85d7bea7798e]]'.
[2025-08-28 11:51:10.901 +00:00 [INF] Microsoft.AspNetCore.Mvc.Infrastructure.ControllerActionInvoker: Executed action RdpRelay.Portal.Api.Controllers.AgentsController.GenerateProvisioningToken (RdpRelay.Portal.Api) in 5.7523ms
[2025-08-28 11:51:10.902 +00:00 [INF] Microsoft.AspNetCore.Routing.EndpointMiddleware: Executed endpoint 'RdpRelay.Portal.Api.Controllers.AgentsController.GenerateProvisioningToken (RdpRelay.Portal.Api)'
[2025-08-28 11:51:10.903 +00:00 [INF] Microsoft.AspNetCore.Hosting.Diagnostics: Request finished HTTP/1.0 POST http://localhost/api/tenants/68ae09d3096d59594289b03d/agents/provisioning-token - 200 null application/json; charset=utf-8 29.9216ms
[2025-08-28 11:52:53.592 +00:00 [INF] Microsoft.AspNetCore.Hosting.Diagnostics: Request starting HTTP/1.0 GET http://localhost/api/tenants/68ae09d3096d59594289b03d/agents?skip=0&limit=100 - null null
[2025-08-28 11:52:53.595 +00:00 [INF] Microsoft.AspNetCore.Cors.Infrastructure.CorsService: CORS policy execution successful.
[2025-08-28 11:52:53.597 +00:00 [INF] Microsoft.AspNetCore.Routing.EndpointMiddleware: Executing endpoint 'RdpRelay.Portal.Api.Controllers.AgentsController.GetAgents (RdpRelay.Portal.Api)'
[2025-08-28 11:52:53.610 +00:00 [INF] Microsoft.AspNetCore.Mvc.Infrastructure.ControllerActionInvoker: Route matched with {action = "GetAgents", controller = "Agents"}. Executing controller action with signature System.Threading.Tasks.Task`1[Microsoft.AspNetCore.Mvc.ActionResult`1[RdpRelay.Portal.Api.Models.PagedResponse`1[RdpRelay.Portal.Api.Models.Agent]]] GetAgents(System.String, System.String, System.Nullable`1[RdpRelay.Portal.Api.Models.AgentStatus], System.String, Int32, Int32) on controller RdpRelay.Portal.Api.Controllers.AgentsController (RdpRelay.Portal.Api).
[2025-08-28 11:52:53.665 +00:00 [INF] Microsoft.AspNetCore.Mvc.Infrastructure.ObjectResultExecutor: Executing OkObjectResult, writing value of type 'RdpRelay.Portal.Api.Models.PagedResponse`1[[RdpRelay.Portal.Api.Models.Agent, RdpRelay.Portal.Api, Version=1.0.0.0, Culture=neutral, PublicKeyToken=null]]'.
[2025-08-28 11:52:53.666 +00:00 [INF] Microsoft.AspNetCore.Mvc.Infrastructure.ControllerActionInvoker: Executed action RdpRelay.Portal.Api.Controllers.AgentsController.GetAgents (RdpRelay.Portal.Api) in 54.7634ms
[2025-08-28 11:52:53.667 +00:00 [INF] Microsoft.AspNetCore.Routing.EndpointMiddleware: Executed endpoint 'RdpRelay.Portal.Api.Controllers.AgentsController.GetAgents (RdpRelay.Portal.Api)'
[2025-08-28 11:52:53.668 +00:00 [INF] Microsoft.AspNetCore.Hosting.Diagnostics: Request finished HTTP/1.0 GET http://localhost/api/tenants/68ae09d3096d59594289b03d/agents?skip=0&limit=100 - 200 null application/json; charset=utf-8 76.4547ms
[2025-08-28 11:57:49.922 +00:00 [INF] Microsoft.AspNetCore.Hosting.Diagnostics: Request starting HTTP/1.0 GET http://localhost/api/tenants/68ae09d3096d59594289b03d/agents?skip=0&limit=100 - null null
[2025-08-28 11:57:49.944 +00:00 [INF] Microsoft.AspNetCore.Cors.Infrastructure.CorsService: CORS policy execution successful.
[2025-08-28 11:57:50.014 +00:00 [INF] Microsoft.AspNetCore.Routing.EndpointMiddleware: Executing endpoint 'RdpRelay.Portal.Api.Controllers.AgentsController.GetAgents (RdpRelay.Portal.Api)'
[2025-08-28 11:57:50.031 +00:00 [INF] Microsoft.AspNetCore.Mvc.Infrastructure.ControllerActionInvoker: Route matched with {action = "GetAgents", controller = "Agents"}. Executing controller action with signature System.Threading.Tasks.Task`1[Microsoft.AspNetCore.Mvc.ActionResult`1[RdpRelay.Portal.Api.Models.PagedResponse`1[RdpRelay.Portal.Api.Models.Agent]]] GetAgents(System.String, System.String, System.Nullable`1[RdpRelay.Portal.Api.Models.AgentStatus], System.String, Int32, Int32) on controller RdpRelay.Portal.Api.Controllers.AgentsController (RdpRelay.Portal.Api).
[2025-08-28 11:57:50.102 +00:00 [INF] Microsoft.AspNetCore.Mvc.Infrastructure.ObjectResultExecutor: Executing OkObjectResult, writing value of type 'RdpRelay.Portal.Api.Models.PagedResponse`1[[RdpRelay.Portal.Api.Models.Agent, RdpRelay.Portal.Api, Version=1.0.0.0, Culture=neutral, PublicKeyToken=null]]'.
[2025-08-28 11:57:50.106 +00:00 [INF] Microsoft.AspNetCore.Mvc.Infrastructure.ControllerActionInvoker: Executed action RdpRelay.Portal.Api.Controllers.AgentsController.GetAgents (RdpRelay.Portal.Api) in 72.0567ms
[2025-08-28 11:57:50.107 +00:00 [INF] Microsoft.AspNetCore.Routing.EndpointMiddleware: Executed endpoint 'RdpRelay.Portal.Api.Controllers.AgentsController.GetAgents (RdpRelay.Portal.Api)'
[2025-08-28 11:57:50.107 +00:00 [INF] Microsoft.AspNetCore.Hosting.Diagnostics: Request finished HTTP/1.0 GET http://localhost/api/tenants/68ae09d3096d59594289b03d/agents?skip=0&limit=100 - 200 null application/json; charset=utf-8 186.2212ms
[2025-08-28 11:58:00.053 +00:00 [INF] Microsoft.AspNetCore.Hosting.Diagnostics: Request starting HTTP/1.0 POST http://localhost/api/tenants/68ae09d3096d59594289b03d/agents/provisioning-token - application/json 16
[2025-08-28 11:58:00.063 +00:00 [INF] Microsoft.AspNetCore.Cors.Infrastructure.CorsService: CORS policy execution successful.
[2025-08-28 11:58:00.066 +00:00 [INF] Microsoft.AspNetCore.Routing.EndpointMiddleware: Executing endpoint 'RdpRelay.Portal.Api.Controllers.AgentsController.GenerateProvisioningToken (RdpRelay.Portal.Api)'
[2025-08-28 11:58:00.067 +00:00 [INF] Microsoft.AspNetCore.Mvc.Infrastructure.ControllerActionInvoker: Route matched with {action = "GenerateProvisioningToken", controller = "Agents"}. Executing controller action with signature System.Threading.Tasks.Task`1[Microsoft.AspNetCore.Mvc.ActionResult`1[System.Object]] GenerateProvisioningToken(System.String, RdpRelay.Portal.Api.Models.GenerateProvisioningTokenRequest) on controller RdpRelay.Portal.Api.Controllers.AgentsController (RdpRelay.Portal.Api).
[2025-08-28 11:58:00.088 +00:00 [INF] Microsoft.AspNetCore.Mvc.Infrastructure.ObjectResultExecutor: Executing OkObjectResult, writing value of type '<>f__AnonymousType2`3[[System.String, System.Private.CoreLib, Version=9.0.0.0, Culture=neutral, PublicKeyToken=7cec85d7bea7798e],[System.String, System.Private.CoreLib, Version=9.0.0.0, Culture=neutral, PublicKeyToken=7cec85d7bea7798e],[System.DateTime, System.Private.CoreLib, Version=9.0.0.0, Culture=neutral, PublicKeyToken=7cec85d7bea7798e]]'.
[2025-08-28 11:58:00.092 +00:00 [INF] Microsoft.AspNetCore.Mvc.Infrastructure.ControllerActionInvoker: Executed action RdpRelay.Portal.Api.Controllers.AgentsController.GenerateProvisioningToken (RdpRelay.Portal.Api) in 24.2628ms
[2025-08-28 11:58:00.093 +00:00 [INF] Microsoft.AspNetCore.Routing.EndpointMiddleware: Executed endpoint 'RdpRelay.Portal.Api.Controllers.AgentsController.GenerateProvisioningToken (RdpRelay.Portal.Api)'
[2025-08-28 11:58:00.093 +00:00 [INF] Microsoft.AspNetCore.Hosting.Diagnostics: Request finished HTTP/1.0 POST http://localhost/api/tenants/68ae09d3096d59594289b03d/agents/provisioning-token - 200 null application/json; charset=utf-8 40.8258ms
[2025-08-28 12:02:08.971 +00:00 [INF] Microsoft.AspNetCore.Hosting.Diagnostics: Request starting HTTP/1.0 GET http://localhost/api/tenants/68ae09d3096d59594289b03d/agents?skip=0&limit=100 - null null
[2025-08-28 12:02:08.973 +00:00 [INF] Microsoft.AspNetCore.Cors.Infrastructure.CorsService: CORS policy execution successful.
[2025-08-28 12:02:08.975 +00:00 [INF] Microsoft.AspNetCore.Routing.EndpointMiddleware: Executing endpoint 'RdpRelay.Portal.Api.Controllers.AgentsController.GetAgents (RdpRelay.Portal.Api)'
[2025-08-28 12:02:08.976 +00:00 [INF] Microsoft.AspNetCore.Mvc.Infrastructure.ControllerActionInvoker: Route matched with {action = "GetAgents", controller = "Agents"}. Executing controller action with signature System.Threading.Tasks.Task`1[Microsoft.AspNetCore.Mvc.ActionResult`1[RdpRelay.Portal.Api.Models.PagedResponse`1[RdpRelay.Portal.Api.Models.Agent]]] GetAgents(System.String, System.String, System.Nullable`1[RdpRelay.Portal.Api.Models.AgentStatus], System.String, Int32, Int32) on controller RdpRelay.Portal.Api.Controllers.AgentsController (RdpRelay.Portal.Api).
[2025-08-28 12:02:08.992 +00:00 [INF] Microsoft.AspNetCore.Mvc.Infrastructure.ObjectResultExecutor: Executing OkObjectResult, writing value of type 'RdpRelay.Portal.Api.Models.PagedResponse`1[[RdpRelay.Portal.Api.Models.Agent, RdpRelay.Portal.Api, Version=1.0.0.0, Culture=neutral, PublicKeyToken=null]]'.
[2025-08-28 12:02:08.994 +00:00 [INF] Microsoft.AspNetCore.Mvc.Infrastructure.ControllerActionInvoker: Executed action RdpRelay.Portal.Api.Controllers.AgentsController.GetAgents (RdpRelay.Portal.Api) in 17.5944ms
[2025-08-28 12:02:08.995 +00:00 [INF] Microsoft.AspNetCore.Routing.EndpointMiddleware: Executed endpoint 'RdpRelay.Portal.Api.Controllers.AgentsController.GetAgents (RdpRelay.Portal.Api)'
[2025-08-28 12:02:08.996 +00:00 [INF] Microsoft.AspNetCore.Hosting.Diagnostics: Request finished HTTP/1.0 GET http://localhost/api/tenants/68ae09d3096d59594289b03d/agents?skip=0&limit=100 - 200 null application/json; charset=utf-8 25.0151ms
[2025-08-28 12:02:21.511 +00:00 [INF] Microsoft.AspNetCore.Hosting.Diagnostics: Request starting HTTP/1.0 GET http://localhost/api/tenants/68ae09d3096d59594289b03d/agents?skip=0&limit=10 - null null
[2025-08-28 12:02:21.512 +00:00 [INF] Microsoft.AspNetCore.Cors.Infrastructure.CorsService: CORS policy execution successful.
[2025-08-28 12:02:21.512 +00:00 [INF] Microsoft.AspNetCore.Hosting.Diagnostics: Request starting HTTP/1.0 GET http://localhost/api/tenants/68ae09d3096d59594289b03d/sessions?skip=0&limit=10 - null null
[2025-08-28 12:02:21.513 +00:00 [INF] Microsoft.AspNetCore.Routing.EndpointMiddleware: Executing endpoint 'RdpRelay.Portal.Api.Controllers.AgentsController.GetAgents (RdpRelay.Portal.Api)'
[2025-08-28 12:02:21.529 +00:00 [INF] Microsoft.AspNetCore.Mvc.Infrastructure.ControllerActionInvoker: Route matched with {action = "GetAgents", controller = "Agents"}. Executing controller action with signature System.Threading.Tasks.Task`1[Microsoft.AspNetCore.Mvc.ActionResult`1[RdpRelay.Portal.Api.Models.PagedResponse`1[RdpRelay.Portal.Api.Models.Agent]]] GetAgents(System.String, System.String, System.Nullable`1[RdpRelay.Portal.Api.Models.AgentStatus], System.String, Int32, Int32) on controller RdpRelay.Portal.Api.Controllers.AgentsController (RdpRelay.Portal.Api).
[2025-08-28 12:02:21.517 +00:00 [INF] Microsoft.AspNetCore.Cors.Infrastructure.CorsService: CORS policy execution successful.
[2025-08-28 12:02:21.560 +00:00 [INF] Microsoft.AspNetCore.Routing.EndpointMiddleware: Executing endpoint 'RdpRelay.Portal.Api.Controllers.SessionsController.GetSessions (RdpRelay.Portal.Api)'
[2025-08-28 12:02:21.562 +00:00 [INF] Microsoft.AspNetCore.Mvc.Infrastructure.ControllerActionInvoker: Route matched with {action = "GetSessions", controller = "Sessions"}. Executing controller action with signature System.Threading.Tasks.Task`1[Microsoft.AspNetCore.Mvc.ActionResult`1[RdpRelay.Portal.Api.Models.PagedResponse`1[RdpRelay.Portal.Api.Models.Session]]] GetSessions(System.String, System.String, System.String, System.Nullable`1[RdpRelay.Portal.Api.Models.SessionStatus], System.Nullable`1[System.DateTime], System.Nullable`1[System.DateTime], Int32, Int32) on controller RdpRelay.Portal.Api.Controllers.SessionsController (RdpRelay.Portal.Api).
[2025-08-28 12:02:21.563 +00:00 [INF] Microsoft.AspNetCore.Hosting.Diagnostics: Request starting HTTP/1.0 GET http://localhost/api/tenants/68ae09d3096d59594289b03d/users?skip=0&limit=10 - null null
[2025-08-28 12:02:21.565 +00:00 [INF] Microsoft.AspNetCore.Mvc.Infrastructure.ObjectResultExecutor: Executing OkObjectResult, writing value of type 'RdpRelay.Portal.Api.Models.PagedResponse`1[[RdpRelay.Portal.Api.Models.Agent, RdpRelay.Portal.Api, Version=1.0.0.0, Culture=neutral, PublicKeyToken=null]]'.
[2025-08-28 12:02:21.567 +00:00 [INF] Microsoft.AspNetCore.Mvc.Infrastructure.ControllerActionInvoker: Executed action RdpRelay.Portal.Api.Controllers.AgentsController.GetAgents (RdpRelay.Portal.Api) in 24.2203ms
[2025-08-28 12:02:21.567 +00:00 [INF] Microsoft.AspNetCore.Routing.EndpointMiddleware: Executed endpoint 'RdpRelay.Portal.Api.Controllers.AgentsController.GetAgents (RdpRelay.Portal.Api)'
[2025-08-28 12:02:21.568 +00:00 [INF] Microsoft.AspNetCore.Cors.Infrastructure.CorsService: CORS policy execution successful.
[2025-08-28 12:02:21.568 +00:00 [INF] Microsoft.AspNetCore.Hosting.Diagnostics: Request finished HTTP/1.0 GET http://localhost/api/tenants/68ae09d3096d59594289b03d/agents?skip=0&limit=10 - 200 null application/json; charset=utf-8 57.0764ms
[2025-08-28 12:02:21.569 +00:00 [INF] Microsoft.AspNetCore.Routing.EndpointMiddleware: Executing endpoint 'RdpRelay.Portal.Api.Controllers.UsersController.GetUsers (RdpRelay.Portal.Api)'
[2025-08-28 12:02:21.570 +00:00 [INF] Microsoft.AspNetCore.Mvc.Infrastructure.ControllerActionInvoker: Route matched with {action = "GetUsers", controller = "Users"}. Executing controller action with signature System.Threading.Tasks.Task`1[Microsoft.AspNetCore.Mvc.ActionResult`1[RdpRelay.Portal.Api.Models.PagedResponse`1[RdpRelay.Portal.Api.Models.User]]] GetUsers(System.String, System.String, System.Nullable`1[RdpRelay.Portal.Api.Models.UserRole], System.Nullable`1[System.Boolean], Int32, Int32) on controller RdpRelay.Portal.Api.Controllers.UsersController (RdpRelay.Portal.Api).
[2025-08-28 12:02:21.579 +00:00 [INF] Microsoft.AspNetCore.Mvc.Infrastructure.ObjectResultExecutor: Executing OkObjectResult, writing value of type 'RdpRelay.Portal.Api.Models.PagedResponse`1[[RdpRelay.Portal.Api.Models.Session, RdpRelay.Portal.Api, Version=1.0.0.0, Culture=neutral, PublicKeyToken=null]]'.
[2025-08-28 12:02:21.582 +00:00 [INF] Microsoft.AspNetCore.Mvc.Infrastructure.ControllerActionInvoker: Executed action RdpRelay.Portal.Api.Controllers.SessionsController.GetSessions (RdpRelay.Portal.Api) in 19.8103ms
[2025-08-28 12:02:21.583 +00:00 [INF] Microsoft.AspNetCore.Routing.EndpointMiddleware: Executed endpoint 'RdpRelay.Portal.Api.Controllers.SessionsController.GetSessions (RdpRelay.Portal.Api)'
[2025-08-28 12:02:21.584 +00:00 [INF] Microsoft.AspNetCore.Hosting.Diagnostics: Request finished HTTP/1.0 GET http://localhost/api/tenants/68ae09d3096d59594289b03d/sessions?skip=0&limit=10 - 200 null application/json; charset=utf-8 71.832ms
[2025-08-28 12:02:21.689 +00:00 [INF] Microsoft.AspNetCore.Mvc.Infrastructure.ObjectResultExecutor: Executing OkObjectResult, writing value of type 'RdpRelay.Portal.Api.Models.PagedResponse`1[[RdpRelay.Portal.Api.Models.User, RdpRelay.Portal.Api, Version=1.0.0.0, Culture=neutral, PublicKeyToken=null]]'.
[2025-08-28 12:02:21.692 +00:00 [INF] Microsoft.AspNetCore.Mvc.Infrastructure.ControllerActionInvoker: Executed action RdpRelay.Portal.Api.Controllers.UsersController.GetUsers (RdpRelay.Portal.Api) in 121.2611ms
[2025-08-28 12:02:21.693 +00:00 [INF] Microsoft.AspNetCore.Routing.EndpointMiddleware: Executed endpoint 'RdpRelay.Portal.Api.Controllers.UsersController.GetUsers (RdpRelay.Portal.Api)'
[2025-08-28 12:02:21.694 +00:00 [INF] Microsoft.AspNetCore.Hosting.Diagnostics: Request finished HTTP/1.0 GET http://localhost/api/tenants/68ae09d3096d59594289b03d/users?skip=0&limit=10 - 200 null application/json; charset=utf-8 130.6023ms
[2025-08-28 12:02:23.328 +00:00 [INF] Microsoft.AspNetCore.Hosting.Diagnostics: Request starting HTTP/1.0 GET http://localhost/api/tenants/68ae09d3096d59594289b03d/agents?skip=0&limit=100 - null null
[2025-08-28 12:02:23.329 +00:00 [INF] Microsoft.AspNetCore.Cors.Infrastructure.CorsService: CORS policy execution successful.
[2025-08-28 12:02:23.332 +00:00 [INF] Microsoft.AspNetCore.Routing.EndpointMiddleware: Executing endpoint 'RdpRelay.Portal.Api.Controllers.AgentsController.GetAgents (RdpRelay.Portal.Api)'
[2025-08-28 12:02:23.333 +00:00 [INF] Microsoft.AspNetCore.Mvc.Infrastructure.ControllerActionInvoker: Route matched with {action = "GetAgents", controller = "Agents"}. Executing controller action with signature System.Threading.Tasks.Task`1[Microsoft.AspNetCore.Mvc.ActionResult`1[RdpRelay.Portal.Api.Models.PagedResponse`1[RdpRelay.Portal.Api.Models.Agent]]] GetAgents(System.String, System.String, System.Nullable`1[RdpRelay.Portal.Api.Models.AgentStatus], System.String, Int32, Int32) on controller RdpRelay.Portal.Api.Controllers.AgentsController (RdpRelay.Portal.Api).
[2025-08-28 12:02:23.340 +00:00 [INF] Microsoft.AspNetCore.Mvc.Infrastructure.ObjectResultExecutor: Executing OkObjectResult, writing value of type 'RdpRelay.Portal.Api.Models.PagedResponse`1[[RdpRelay.Portal.Api.Models.Agent, RdpRelay.Portal.Api, Version=1.0.0.0, Culture=neutral, PublicKeyToken=null]]'.
[2025-08-28 12:02:23.341 +00:00 [INF] Microsoft.AspNetCore.Mvc.Infrastructure.ControllerActionInvoker: Executed action RdpRelay.Portal.Api.Controllers.AgentsController.GetAgents (RdpRelay.Portal.Api) in 7.1157ms
[2025-08-28 12:02:23.342 +00:00 [INF] Microsoft.AspNetCore.Routing.EndpointMiddleware: Executed endpoint 'RdpRelay.Portal.Api.Controllers.AgentsController.GetAgents (RdpRelay.Portal.Api)'
[2025-08-28 12:02:23.342 +00:00 [INF] Microsoft.AspNetCore.Hosting.Diagnostics: Request finished HTTP/1.0 GET http://localhost/api/tenants/68ae09d3096d59594289b03d/agents?skip=0&limit=100 - 200 null application/json; charset=utf-8 14.4582ms
[2025-08-28 12:02:31.852 +00:00 [INF] Microsoft.AspNetCore.Hosting.Diagnostics: Request starting HTTP/1.0 GET http://localhost/api/tenants/68ae09d3096d59594289b03d/agents?skip=0&limit=100 - null null
[2025-08-28 12:02:31.854 +00:00 [INF] Microsoft.AspNetCore.Cors.Infrastructure.CorsService: CORS policy execution successful.
[2025-08-28 12:02:31.857 +00:00 [INF] Microsoft.AspNetCore.Routing.EndpointMiddleware: Executing endpoint 'RdpRelay.Portal.Api.Controllers.AgentsController.GetAgents (RdpRelay.Portal.Api)'
[2025-08-28 12:02:31.859 +00:00 [INF] Microsoft.AspNetCore.Mvc.Infrastructure.ControllerActionInvoker: Route matched with {action = "GetAgents", controller = "Agents"}. Executing controller action with signature System.Threading.Tasks.Task`1[Microsoft.AspNetCore.Mvc.ActionResult`1[RdpRelay.Portal.Api.Models.PagedResponse`1[RdpRelay.Portal.Api.Models.Agent]]] GetAgents(System.String, System.String, System.Nullable`1[RdpRelay.Portal.Api.Models.AgentStatus], System.String, Int32, Int32) on controller RdpRelay.Portal.Api.Controllers.AgentsController (RdpRelay.Portal.Api).
[2025-08-28 12:02:31.876 +00:00 [INF] Microsoft.AspNetCore.Mvc.Infrastructure.ObjectResultExecutor: Executing OkObjectResult, writing value of type 'RdpRelay.Portal.Api.Models.PagedResponse`1[[RdpRelay.Portal.Api.Models.Agent, RdpRelay.Portal.Api, Version=1.0.0.0, Culture=neutral, PublicKeyToken=null]]'.
[2025-08-28 12:02:31.877 +00:00 [INF] Microsoft.AspNetCore.Mvc.Infrastructure.ControllerActionInvoker: Executed action RdpRelay.Portal.Api.Controllers.AgentsController.GetAgents (RdpRelay.Portal.Api) in 17.0777ms
[2025-08-28 12:02:31.879 +00:00 [INF] Microsoft.AspNetCore.Routing.EndpointMiddleware: Executed endpoint 'RdpRelay.Portal.Api.Controllers.AgentsController.GetAgents (RdpRelay.Portal.Api)'
[2025-08-28 12:02:31.880 +00:00 [INF] Microsoft.AspNetCore.Hosting.Diagnostics: Request finished HTTP/1.0 GET http://localhost/api/tenants/68ae09d3096d59594289b03d/agents?skip=0&limit=100 - 200 null application/json; charset=utf-8 28.4286ms
[2025-08-28 12:02:39.666 +00:00 [INF] Microsoft.AspNetCore.Hosting.Diagnostics: Request starting HTTP/1.0 POST http://localhost/api/tenants/68ae09d3096d59594289b03d/agents/provisioning-token - application/json 16
[2025-08-28 12:02:39.668 +00:00 [INF] Microsoft.AspNetCore.Cors.Infrastructure.CorsService: CORS policy execution successful.
[2025-08-28 12:02:39.673 +00:00 [INF] Microsoft.AspNetCore.Routing.EndpointMiddleware: Executing endpoint 'RdpRelay.Portal.Api.Controllers.AgentsController.GenerateProvisioningToken (RdpRelay.Portal.Api)'
[2025-08-28 12:02:39.674 +00:00 [INF] Microsoft.AspNetCore.Mvc.Infrastructure.ControllerActionInvoker: Route matched with {action = "GenerateProvisioningToken", controller = "Agents"}. Executing controller action with signature System.Threading.Tasks.Task`1[Microsoft.AspNetCore.Mvc.ActionResult`1[System.Object]] GenerateProvisioningToken(System.String, RdpRelay.Portal.Api.Models.GenerateProvisioningTokenRequest) on controller RdpRelay.Portal.Api.Controllers.AgentsController (RdpRelay.Portal.Api).
[2025-08-28 12:02:39.679 +00:00 [INF] Microsoft.AspNetCore.Mvc.Infrastructure.ObjectResultExecutor: Executing OkObjectResult, writing value of type '<>f__AnonymousType2`3[[System.String, System.Private.CoreLib, Version=9.0.0.0, Culture=neutral, PublicKeyToken=7cec85d7bea7798e],[System.String, System.Private.CoreLib, Version=9.0.0.0, Culture=neutral, PublicKeyToken=7cec85d7bea7798e],[System.DateTime, System.Private.CoreLib, Version=9.0.0.0, Culture=neutral, PublicKeyToken=7cec85d7bea7798e]]'.
[2025-08-28 12:02:39.680 +00:00 [INF] Microsoft.AspNetCore.Mvc.Infrastructure.ControllerActionInvoker: Executed action RdpRelay.Portal.Api.Controllers.AgentsController.GenerateProvisioningToken (RdpRelay.Portal.Api) in 5.8615ms
[2025-08-28 12:02:39.681 +00:00 [INF] Microsoft.AspNetCore.Routing.EndpointMiddleware: Executed endpoint 'RdpRelay.Portal.Api.Controllers.AgentsController.GenerateProvisioningToken (RdpRelay.Portal.Api)'
[2025-08-28 12:02:39.681 +00:00 [INF] Microsoft.AspNetCore.Hosting.Diagnostics: Request finished HTTP/1.0 POST http://localhost/api/tenants/68ae09d3096d59594289b03d/agents/provisioning-token - 200 null application/json; charset=utf-8 14.8894ms
[2025-08-28 12:56:28.254 +00:00 [INF] Microsoft.Hosting.Lifetime: Application is shutting down...
